<?xml version="1.0" encoding="UTF-8"?>
<testsuite xmlns:xsi="http://www.w3.org/2001/XMLSchema-instance" xsi:noNamespaceSchemaLocation="https://maven.apache.org/surefire/maven-surefire-plugin/xsd/surefire-test-report-3.0.xsd" version="3.0" name="com.donation.DonationProcessorTest" time="0.094" tests="5" errors="0" skipped="0" failures="0">
  <properties>
[...]
</properties>
  <testcase name="testValidDonation" classname="com.donation.DonationProcessorTest" time="0.048">
    <system-out><![CDATA[Successfully processed donation of 100.0 USD from John Doe
]]></system-out>
  </testcase>
  <testcase name="testEmptyDonorName" classname="com.donation.DonationProcessorTest" time="0.004">
    <system-out><![CDATA[Invalid donor name.
]]></system-out>
  </testcase>
  <testcase name="testNegativeAmountDonation" classname="com.donation.DonationProcessorTest" time="0.001">
    <system-out><![CDATA[Invalid donation amount.
]]></system-out>
  </testcase>
  <testcase name="testZeroAmountDonation" classname="com.donation.DonationProcessorTest" time="0.002">
    <system-out><![CDATA[Invalid donation amount.
]]></system-out>
  </testcase>
  <testcase name="testNullDonation" classname="com.donation.DonationProcessorTest" time="0.004"/>
</testsuite>